15/11/2025 02:25:15 >>> Aplicación iniciada.
16/11/2025 02:34:40 >>> Aplicación iniciada.
16/11/2025 02:34:43 >>> Modificando URL del feed...
16/11/2025 02:35:19 >>> Aplicación iniciada.
16/11/2025 02:35:45 >>> Aplicación iniciada.
16/11/2025 02:45:47 >>> Aplicación iniciada.
16/11/2025 02:45:47 Confiuracion cargada URL actual: https://www.xataka.com/feedburner.xml
16/11/2025 02:45:49 >>> Actualizando noticias...
16/11/2025 02:45:49 Se han actualizado 26 noticias.
16/11/2025 02:46:01 >>> Actualizando noticias...
16/11/2025 02:46:02 Se han actualizado 26 noticias.
16/11/2025 02:46:05 Saliendo...
16/11/2025 02:48:02 >>> Aplicación iniciada.
16/11/2025 02:48:02 Confiuracion cargada URL actual: https://www.xataka.com/feedburner.xml
16/11/2025 02:48:03 >>> Actualizando noticias...
16/11/2025 02:48:04 Se han actualizado 26 noticias.
16/11/2025 02:49:00 >>> Aplicación iniciada.
16/11/2025 02:49:00 Confiuracion cargada URL actual: https://www.xataka.com/feedburner.xml
16/11/2025 02:49:02 >>> Actualizando noticias...
16/11/2025 02:49:03 Se han actualizado 26 noticias.
16/11/2025 02:49:55 Saliendo...
